<?xml version="1.0" encoding="UTF-8"?>
<!DOCTYPE suite SYSTEM "https://testng.org/testng-1.0.dtd">
<suite name="Aptem" verbose="3" parallel="methods" thread-count="1">
  
  
  <test name="AptemAutomation-TenantLevelVerifications-1" preserve-order="true">
		<classes>
			<class name="com.aptem.tests.TenantLevelTest">
				<methods>
					<!-- <include
						name="disableComplianceDocumentsAtTenantLevel">
						<parameter name="testcaseid" value="9156" />
					</include>					
					 <include
						name="enableComplianceDocumentsAtTenantLevel">
						<parameter name="testcaseid" value="9157" />
					</include> -->			
						 <include
						name="addDocumentsToTheLearnersProgramme">
						<parameter name="testcaseid" value="9158" />
					</include>  
				</methods>
			</class>
		</classes>
	</test>
</suite> 
